This is pdfTeX, Version 3.141592653-2.6-1.40.26 (TeX Live 2024) (preloaded format=pdflatex 2024.9.13)  27 MAY 2025 16:21
entering extended mode
 restricted \write18 enabled.
 file:line:error style messages enabled.
 %&-line parsing enabled.
**covar_predictors.tex
(./covar_predictors.tex
LaTeX2e <2023-11-01> patch level 1
L3 programming layer <2024-02-20>

./covar_predictors.tex:3: LaTeX Error: Environment table undefined.

See the LaTeX manual or LaTeX Companion for explanation.
Type  H <return>  for immediate help.
 ...                                              
                                                  
l.3 \begin{table}
                 [ht]
? 
./covar_predictors.tex:3: Emergency stop.
 ...                                              
                                                  
l.3 \begin{table}
                 [ht]
Your command was ignored.
Type  I <command> <return>  to replace it with another command,
or  <return>  to continue without it.

 
Here is how much of TeX's memory you used:
 17 strings out of 474116
 555 string characters out of 5743682
 1925187 words of memory out of 5000000
 22476 multiletter control sequences out of 15000+600000
 558069 words of font info for 36 fonts, out of 8000000 for 9000
 1141 hyphenation exceptions out of 8191
 12i,0n,13p,110b,16s stack positions out of 10000i,1000n,20000p,200000b,200000s
./covar_predictors.tex:3:  ==> Fatal error occurred, no output PDF file produce
d!
